<?xml version="1.0" encoding="utf-8"?><testsuites><testsuite name="pytest" errors="0" failures="0" skipped="0" tests="20" time="0.081" timestamp="2024-10-01T21:19:29.835376-03:00" hostname="Alves"><testcase classname="test.test_buscaHorario" name="test_sala_Kiko" time="0.006" /><testcase classname="test.test_buscaHorario" name="test_id_Chris" time="0.001" /><testcase classname="test.test_buscaHorario" name="test_sala_Chris" time="0.001" /><testcase classname="test.test_buscaHorario" name="test_id_Marcelo" time="0.001" /><testcase classname="test.test_buscaHorario" name="test_sala_Marcelo" time="0.001" /><testcase classname="test.test_buscaHorario" name="test_sala_Victoria" time="0.000" /><testcase classname="test.test_buscaHorario" name="test_sala_Alessandra" time="0.001" /><testcase classname="test.test_buscaHorario" name="test_sala_Vitor" time="0.001" /><testcase classname="test.test_buscaHorario" name="test_horario_Alessandra" time="0.000" /><testcase classname="test.test_buscaHorario" name="test_periodo_Chris" time="0.000" /><testcase classname="test.test_buscaHorario" name="test_id_Invalido" time="0.000" /><testcase classname="test.test_buscaHorario" name="test_id_Tipo_Incorreto" time="0.000" /><testcase classname="test.test_buscaHorario" name="test_id_Injeção" time="0.001" /><testcase classname="test.test_buscaHorario" name="test_não_Cadastro" time="0.001" /><testcase classname="test.test_buscaHorario" name="test_verificaçao" time="0.000" /><testcase classname="test.test_buscaHorario" name="test_sala_cadastro" time="0.001" /><testcase classname="test.test_buscaHorario" name="test_type_str_first" time="0.001" /><testcase classname="test.test_buscaHorario" name="test_type_str_second" time="0.000" /><testcase classname="test.test_buscaHorario" name="test_type_str" time="0.001" /><testcase classname="test.test_buscaHorario" name="test_value_predio" time="0.000" /></testsuite></testsuites>